<?xml version="1.0" encoding="UTF-8"?>
<!-- Generated by org.testng.reporters.JUnitXMLReporter -->
<testsuite ignored="0" hostname="LAPTOP-NI0RSP8F" failures="0" tests="3" name="Default test" time="0.044" errors="0" timestamp="2022-05-01T02:01:39 IST">
  <testcase classname="test_firstMaven.test_class1" name="TestCase_01" time="0.006"/>
  <testcase classname="test_firstMaven.test_class1" name="TestCase_02" time="0.001"/>
  <testcase classname="test_firstMaven.test_class1" name="TestCase_03" time="0.002"/>
</testsuite> <!-- Default test -->
