<?xml version="1.0" encoding="UTF-8"?>
<!-- Generated by org.testng.reporters.JUnitXMLReporter -->
<testsuite ignored="0" hostname="LAPTOP-NI0RSP8F" failures="1" tests="3" name="Test" time="0.076" errors="0" timestamp="2022-04-30T01:40:23 IST">
  <testcase classname="test_firstMaven.test_class1" name="TestCase_01" time="0.005"/>
  <testcase classname="test_firstMaven.test_class1" name="TestCase_02" time="0.005"/>
  <testcase classname="test_firstMaven.test_class1" name="TestCase_03" time="0.004">
    <failure type="java.lang.AssertionError" message="null">
      <![CDATA[java.lang.AssertionError: null
at test_firstMaven.test_class1.TestCase_03(test_class1.java:52)
at java.base/java.util.ArrayList.forEach(ArrayList.java:1511)
... Removed 29 stack frames]]>
    </failure>
  </testcase> <!-- TestCase_03 -->
</testsuite> <!-- Test -->
