<?xml version="1.0" encoding="UTF-8"?>
<testng-results ignored="0" total="3" passed="3" failed="0" skipped="0">
  <reporter-output>
  </reporter-output>
  <suite started-at="2022-05-01T02:01:39 IST" name="Default suite" finished-at="2022-05-01T02:01:39 IST" duration-ms="44">
    <groups>
    </groups>
    <test started-at="2022-05-01T02:01:39 IST" name="Default test" finished-at="2022-05-01T02:01:39 IST" duration-ms="44">
      <class name="test_firstMaven.test_class1">
        <test-method is-config="true" signature="beforeSuite()[pri:0, instance:test_firstMaven.test_class1@9353778]" started-at="2022-05-01T02:01:39 IST" name="beforeSuite" finished-at="2022-05-01T02:01:39 IST" duration-ms="7" status="PASS">
          <reporter-output>
          </reporter-output>
        </test-method> <!-- beforeSuite -->
        <test-method is-config="true" signature="beforeClass()[pri:0, instance:test_firstMaven.test_class1@9353778]" started-at="2022-05-01T02:01:39 IST" name="beforeClass" finished-at="2022-05-01T02:01:39 IST" duration-ms="0" status="PASS">
          <reporter-output>
          </reporter-output>
        </test-method> <!-- beforeClass -->
        <test-method signature="TestCase_01()[pri:0, instance:test_firstMaven.test_class1@9353778]" started-at="2022-05-01T02:01:39 IST" name="TestCase_01" finished-at="2022-05-01T02:01:39 IST" duration-ms="6" status="PASS">
          <reporter-output>
          </reporter-output>
        </test-method> <!-- TestCase_01 -->
        <test-method is-config="true" signature="beforeMethod()[pri:0, instance:test_firstMaven.test_class1@9353778]" started-at="2022-05-01T02:01:39 IST" name="beforeMethod" finished-at="2022-05-01T02:01:39 IST" duration-ms="0" status="PASS">
          <reporter-output>
          </reporter-output>
        </test-method> <!-- beforeMethod -->
        <test-method is-config="true" signature="afterMethod()[pri:0, instance:test_firstMaven.test_class1@9353778]" started-at="2022-05-01T02:01:39 IST" name="afterMethod" finished-at="2022-05-01T02:01:39 IST" duration-ms="1" status="PASS">
          <reporter-output>
          </reporter-output>
        </test-method> <!-- afterMethod -->
        <test-method is-config="true" signature="beforeMethod()[pri:0, instance:test_firstMaven.test_class1@9353778]" started-at="2022-05-01T02:01:39 IST" name="beforeMethod" finished-at="2022-05-01T02:01:39 IST" duration-ms="1" status="PASS">
          <reporter-output>
          </reporter-output>
        </test-method> <!-- beforeMethod -->
        <test-method signature="TestCase_02()[pri:0, instance:test_firstMaven.test_class1@9353778]" started-at="2022-05-01T02:01:39 IST" name="TestCase_02" finished-at="2022-05-01T02:01:39 IST" duration-ms="1" status="PASS">
          <reporter-output>
          </reporter-output>
        </test-method> <!-- TestCase_02 -->
        <test-method is-config="true" signature="afterMethod()[pri:0, instance:test_firstMaven.test_class1@9353778]" started-at="2022-05-01T02:01:39 IST" name="afterMethod" finished-at="2022-05-01T02:01:39 IST" duration-ms="1" status="PASS">
          <reporter-output>
          </reporter-output>
        </test-method> <!-- afterMethod -->
        <test-method is-config="true" signature="beforeMethod()[pri:0, instance:test_firstMaven.test_class1@9353778]" started-at="2022-05-01T02:01:39 IST" name="beforeMethod" finished-at="2022-05-01T02:01:39 IST" duration-ms="0" status="PASS">
          <reporter-output>
          </reporter-output>
        </test-method> <!-- beforeMethod -->
        <test-method signature="TestCase_03()[pri:0, instance:test_firstMaven.test_class1@9353778]" started-at="2022-05-01T02:01:39 IST" name="TestCase_03" finished-at="2022-05-01T02:01:39 IST" duration-ms="2" status="PASS">
          <reporter-output>
          </reporter-output>
        </test-method> <!-- TestCase_03 -->
        <test-method is-config="true" signature="afterMethod()[pri:0, instance:test_firstMaven.test_class1@9353778]" started-at="2022-05-01T02:01:39 IST" name="afterMethod" finished-at="2022-05-01T02:01:39 IST" duration-ms="0" status="PASS">
          <reporter-output>
          </reporter-output>
        </test-method> <!-- afterMethod -->
        <test-method is-config="true" signature="afterClass()[pri:0, instance:test_firstMaven.test_class1@9353778]" started-at="2022-05-01T02:01:39 IST" name="afterClass" finished-at="2022-05-01T02:01:39 IST" duration-ms="0" status="PASS">
          <reporter-output>
          </reporter-output>
        </test-method> <!-- afterClass -->
        <test-method is-config="true" signature="afterSuite()[pri:0, instance:test_firstMaven.test_class1@9353778]" started-at="2022-05-01T02:01:39 IST" name="afterSuite" finished-at="2022-05-01T02:01:39 IST" duration-ms="0" status="PASS">
          <reporter-output>
          </reporter-output>
        </test-method> <!-- afterSuite -->
      </class> <!-- test_firstMaven.test_class1 -->
    </test> <!-- Default test -->
  </suite> <!-- Default suite -->
</testng-results>
